<?xml version="1.0" encoding="UTF-8"?>
<!-- Generated by org.testng.reporters.JUnitReportReporter -->
<testsuite skipped="0" hostname="USER-JKFMHGFFJS" name="com.testapi.casev.Testapi" tests="14" failures="0" timestamp="20 三月 2018 07:45:34 GMT" time="0.540" errors="0">
  <testcase name="f" time="0.023" classname="com.testapi.casev.Testapi"/>
  <testcase name="f" time="0.026" classname="com.testapi.casev.Testapi"/>
  <testcase name="f" time="0.027" classname="com.testapi.casev.Testapi"/>
  <testcase name="f" time="0.035" classname="com.testapi.casev.Testapi"/>
  <testcase name="f" time="0.025" classname="com.testapi.casev.Testapi"/>
  <testcase name="f" time="0.027" classname="com.testapi.casev.Testapi"/>
  <testcase name="f" time="0.025" classname="com.testapi.casev.Testapi"/>
  <testcase name="f" time="0.037" classname="com.testapi.casev.Testapi"/>
  <testcase name="f" time="0.026" classname="com.testapi.casev.Testapi"/>
  <testcase name="f" time="0.034" classname="com.testapi.casev.Testapi"/>
  <testcase name="f" time="0.180" classname="com.testapi.casev.Testapi"/>
  <testcase name="f" time="0.024" classname="com.testapi.casev.Testapi"/>
  <testcase name="f" time="0.024" classname="com.testapi.casev.Testapi"/>
  <testcase name="f" time="0.027" classname="com.testapi.casev.Testapi"/>
</testsuite> <!-- com.testapi.casev.Testapi -->
