<?xml version="1.0" encoding="UTF-8"?>
<!-- Generated by org.testng.reporters.JUnitReportReporter -->
<testsuite skipped="0" hostname="USER-JKFMHGFFJS" name="com.testapi.casev.Testapi" tests="14" failures="0" timestamp="27 九月 2018 06:50:43 GMT" time="0.507" errors="0">
  <testcase name="f" time="0.019" classname="com.testapi.casev.Testapi"/>
  <testcase name="f" time="0.014" classname="com.testapi.casev.Testapi"/>
  <testcase name="f" time="0.219" classname="com.testapi.casev.Testapi"/>
  <testcase name="f" time="0.107" classname="com.testapi.casev.Testapi"/>
  <testcase name="f" time="0.013" classname="com.testapi.casev.Testapi"/>
  <testcase name="f" time="0.018" classname="com.testapi.casev.Testapi"/>
  <testcase name="f" time="0.016" classname="com.testapi.casev.Testapi"/>
  <testcase name="f" time="0.015" classname="com.testapi.casev.Testapi"/>
  <testcase name="f" time="0.015" classname="com.testapi.casev.Testapi"/>
  <testcase name="f" time="0.013" classname="com.testapi.casev.Testapi"/>
  <testcase name="f" time="0.014" classname="com.testapi.casev.Testapi"/>
  <testcase name="f" time="0.015" classname="com.testapi.casev.Testapi"/>
  <testcase name="f" time="0.015" classname="com.testapi.casev.Testapi"/>
  <testcase name="f" time="0.014" classname="com.testapi.casev.Testapi"/>
</testsuite> <!-- com.testapi.casev.Testapi -->
