<?xml version="1.0" encoding="UTF-8"?>
<!-- Generated by org.testng.reporters.JUnitReportReporter -->
<testsuite skipped="0" hostname="USER-JKFMHGFFJS" name="com.testapi.casev.Testapi" tests="14" failures="0" timestamp="20 八月 2018 01:01:16 GMT" time="0.511" errors="0">
  <testcase name="f" time="0.032" classname="com.testapi.casev.Testapi"/>
  <testcase name="f" time="0.034" classname="com.testapi.casev.Testapi"/>
  <testcase name="f" time="0.028" classname="com.testapi.casev.Testapi"/>
  <testcase name="f" time="0.027" classname="com.testapi.casev.Testapi"/>
  <testcase name="f" time="0.028" classname="com.testapi.casev.Testapi"/>
  <testcase name="f" time="0.026" classname="com.testapi.casev.Testapi"/>
  <testcase name="f" time="0.033" classname="com.testapi.casev.Testapi"/>
  <testcase name="f" time="0.034" classname="com.testapi.casev.Testapi"/>
  <testcase name="f" time="0.031" classname="com.testapi.casev.Testapi"/>
  <testcase name="f" time="0.032" classname="com.testapi.casev.Testapi"/>
  <testcase name="f" time="0.113" classname="com.testapi.casev.Testapi"/>
  <testcase name="f" time="0.025" classname="com.testapi.casev.Testapi"/>
  <testcase name="f" time="0.033" classname="com.testapi.casev.Testapi"/>
  <testcase name="f" time="0.035" classname="com.testapi.casev.Testapi"/>
</testsuite> <!-- com.testapi.casev.Testapi -->
